core   0: 0xffffffff8000002c (0x02b50a33) mul     s4, a0, a1
3 0x8000002c (0x02b50a33) x20 0x47cc6900
core   0: 0xffffffff80000030 (0x02b53ab3) mulhu   s5, a0, a1
3 0x80000030 (0x02b53ab3) x21 0xfe0343be
core   0: 0xffffffff80000034 (0x00000937) lui     s2, 0x0
3 0x80000034 (0x00000937) x18 0x00000000
core   0: 0xffffffff80000038 (0x000009b7) lui     s3, 0x0
3 0x80000038 (0x000009b7) x19 0x00000000
core   0: 0xffffffff8000003c (0x000006b3) add     a3, zero, zero
3 0x8000003c (0x000006b3) x13 0x00000000
core   0: 0xffffffff80000040 (0x02000713) addi    a4, zero, 32
3 0x80000040 (0x02000713) x14 0x00000020
core   0: 0xffffffff80000044 (0x00100613) addi    a2, zero, 1
3 0x80000044 (0x00100613) x12 0x00000001
core   0: 0xffffffff80000048 (0x02a00463) beq     zero, a0, pc + 40
3 0x80000048 (0x02a00463)
core   0: 0xffffffff8000004c (0x02b00263) beq     zero, a1, pc + 36
3 0x8000004c (0x02b00263)
core   0: 0xffffffff80000050 (0x00b677b3) and     a5, a2, a1
3 0x80000050 (0x00b677b3) x15 0x00000000
core   0: 0xffffffff80000054 (0x02078863) beqz    a5, pc + 48
3 0x80000054 (0x02078863)
core   0: 0xffffffff80000084 (0x00168693) addi    a3, a3, 1
3 0x80000084 (0x00168693) x13 0x00000001
core   0: 0xffffffff80000088 (0xfff70713) addi    a4, a4, -1
3 0x80000088 (0xfff70713) x14 0x0000001f
core   0: 0xffffffff8000008c (0x00c60633) add     a2, a2, a2
3 0x8000008c (0x00c60633) x12 0x00000002
core   0: 0xffffffff80000090 (0xfe0700e3) beqz    a4, pc - 32
3 0x80000090 (0xfe0700e3)
core   0: 0xffffffff80000094 (0xfbdff06f) j       pc - 0x44
3 0x80000094 (0xfbdff06f)
core   0: 0xffffffff80000050 (0x00b677b3) and     a5, a2, a1
3 0x80000050 (0x00b677b3) x15 0x00000000
core   0: 0xffffffff80000054 (0x02078863) beqz    a5, pc + 48
3 0x80000054 (0x02078863)
core   0: 0xffffffff80000084 (0x00168693) addi    a3, a3, 1
3 0x80000084 (0x00168693) x13 0x00000002
core   0: 0xffffffff80000088 (0xfff70713) addi    a4, a4, -1
3 0x80000088 (0xfff70713) x14 0x0000001e
core   0: 0xffffffff8000008c (0x00c60633) add     a2, a2, a2
3 0x8000008c (0x00c60633) x12 0x00000004
core   0: 0xffffffff80000090 (0xfe0700e3) beqz    a4, pc - 32
3 0x80000090 (0xfe0700e3)
core   0: 0xffffffff80000094 (0xfbdff06f) j       pc - 0x44
3 0x80000094 (0xfbdff06f)
core   0: 0xffffffff80000050 (0x00b677b3) and     a5, a2, a1
3 0x80000050 (0x00b677b3) x15 0x00000000
core   0: 0xffffffff80000054 (0x02078863) beqz    a5, pc + 48
3 0x80000054 (0x02078863)
core   0: 0xffffffff80000084 (0x00168693) addi    a3, a3, 1
3 0x80000084 (0x00168693) x13 0x00000003
core   0: 0xffffffff80000088 (0xfff70713) addi    a4, a4, -1
3 0x80000088 (0xfff70713) x14 0x0000001d
core   0: 0xffffffff8000008c (0x00c60633) add     a2, a2, a2
3 0x8000008c (0x00c60633) x12 0x00000008
core   0: 0xffffffff80000090 (0xfe0700e3) beqz    a4, pc - 32
3 0x80000090 (0xfe0700e3)
core   0: 0xffffffff80000094 (0xfbdff06f) j       pc - 0x44
3 0x80000094 (0xfbdff06f)
core   0: 0xffffffff80000050 (0x00b677b3) and     a5, a2, a1
3 0x80000050 (0x00b677b3) x15 0x00000000
core   0: 0xffffffff80000054 (0x02078863) beqz    a5, pc + 48
3 0x80000054 (0x02078863)
core   0: 0xffffffff80000084 (0x00168693) addi    a3, a3, 1
3 0x80000084 (0x00168693) x13 0x00000004
core   0: 0xffffffff80000088 (0xfff70713) addi    a4, a4, -1
3 0x80000088 (0xfff70713) x14 0x0000001c
core   0: 0xffffffff8000008c (0x00c60633) add     a2, a2, a2
3 0x8000008c (0x00c60633) x12 0x00000010
core   0: 0xffffffff80000090 (0xfe0700e3) beqz    a4, pc - 32
3 0x80000090 (0xfe0700e3)
core   0: 0xffffffff80000094 (0xfbdff06f) j       pc - 0x44
3 0x80000094 (0xfbdff06f)
core   0: 0xffffffff80000050 (0x00b677b3) and     a5, a2, a1
3 0x80000050 (0x00b677b3) x15 0x00000000
core   0: 0xffffffff80000054 (0x02078863) beqz    a5, pc + 48
3 0x80000054 (0x02078863)
core   0: 0xffffffff80000084 (0x00168693) addi    a3, a3, 1
3 0x80000084 (0x00168693) x13 0x00000005
core   0: 0xffffffff80000088 (0xfff70713) addi    a4, a4, -1
3 0x80000088 (0xfff70713) x14 0x0000001b
core   0: 0xffffffff8000008c (0x00c60633) add     a2, a2, a2
3 0x8000008c (0x00c60633) x12 0x00000020
core   0: 0xffffffff80000090 (0xfe0700e3) beqz    a4, pc - 32
3 0x80000090 (0xfe0700e3)
core   0: 0xffffffff80000094 (0xfbdff06f) j       pc - 0x44
3 0x80000094 (0xfbdff06f)
core   0: 0xffffffff80000050 (0x00b677b3) and     a5, a2, a1
3 0x80000050 (0x00b677b3) x15 0x00000000
core   0: 0xffffffff80000054 (0x02078863) beqz    a5, pc + 48
3 0x80000054 (0x02078863)
core   0: 0xffffffff80000084 (0x00168693) addi    a3, a3, 1
3 0x80000084 (0x00168693) x13 0x00000006
core   0: 0xffffffff80000088 (0xfff70713) addi    a4, a4, -1
3 0x80000088 (0xfff70713) x14 0x0000001a
core   0: 0xffffffff8000008c (0x00c60633) add     a2, a2, a2
3 0x8000008c (0x00c60633) x12 0x00000040
core   0: 0xffffffff80000090 (0xfe0700e3) beqz    a4, pc - 32
3 0x80000090 (0xfe0700e3)
core   0: 0xffffffff80000094 (0xfbdff06f) j       pc - 0x44
3 0x80000094 (0xfbdff06f)
core   0: 0xffffffff80000050 (0x00b677b3) and     a5, a2, a1
3 0x80000050 (0x00b677b3) x15 0x00000000
core   0: 0xffffffff80000054 (0x02078863) beqz    a5, pc + 48
3 0x80000054 (0x02078863)
core   0: 0xffffffff80000084 (0x00168693) addi    a3, a3, 1
3 0x80000084 (0x00168693) x13 0x00000007
core   0: 0xffffffff80000088 (0xfff70713) addi    a4, a4, -1
3 0x80000088 (0xfff70713) x14 0x00000019
core   0: 0xffffffff8000008c (0x00c60633) add     a2, a2, a2
3 0x8000008c (0x00c60633) x12 0x00000080
core   0: 0xffffffff80000090 (0xfe0700e3) beqz    a4, pc - 32
3 0x80000090 (0xfe0700e3)
core   0: 0xffffffff80000094 (0xfbdff06f) j       pc - 0x44
3 0x80000094 (0xfbdff06f)
core   0: 0xffffffff80000050 (0x00b677b3) and     a5, a2, a1
3 0x80000050 (0x00b677b3) x15 0x00000000
core   0: 0xffffffff80000054 (0x02078863) beqz    a5, pc + 48
3 0x80000054 (0x02078863)
core   0: 0xffffffff80000084 (0x00168693) addi    a3, a3, 1
3 0x80000084 (0x00168693) x13 0x00000008
core   0: 0xffffffff80000088 (0xfff70713) addi    a4, a4, -1
3 0x80000088 (0xfff70713) x14 0x00000018
core   0: 0xffffffff8000008c (0x00c60633) add     a2, a2, a2
3 0x8000008c (0x00c60633) x12 0x00000100
core   0: 0xffffffff80000090 (0xfe0700e3) beqz    a4, pc - 32
3 0x80000090 (0xfe0700e3)
core   0: 0xffffffff80000094 (0xfbdff06f) j       pc - 0x44
3 0x80000094 (0xfbdff06f)
core   0: 0xffffffff80000050 (0x00b677b3) and     a5, a2, a1
3 0x80000050 (0x00b677b3) x15 0x00000100
core   0: 0xffffffff80000054 (0x02078863) beqz    a5, pc + 48
3 0x80000054 (0x02078863)
core   0: 0xffffffff80000058 (0x00d51833) sll     a6, a0, a3
3 0x80000058 (0x00d51833) x16 0x01230300
core   0: 0xffffffff8000005c (0x00e558b3) srl     a7, a0, a4
3 0x8000005c (0x00e558b3) x17 0x000000ff
core   0: 0xffffffff80000060 (0x01090933) add     s2, s2, a6
3 0x80000060 (0x01090933) x18 0x01230300
core   0: 0xffffffff80000064 (0x011989b3) add     s3, s3, a7
3 0x80000064 (0x011989b3) x19 0x000000ff
core   0: 0xffffffff80000068 (0x03096863) bltu    s2, a6, pc + 48
3 0x80000068 (0x03096863)
core   0: 0xffffffff8000006c (0x0180006f) j       pc + 0x18
3 0x8000006c (0x0180006f)
core   0: 0xffffffff80000084 (0x00168693) addi    a3, a3, 1
3 0x80000084 (0x00168693) x13 0x00000009
core   0: 0xffffffff80000088 (0xfff70713) addi    a4, a4, -1
3 0x80000088 (0xfff70713) x14 0x00000017
core   0: 0xffffffff8000008c (0x00c60633) add     a2, a2, a2
3 0x8000008c (0x00c60633) x12 0x00000200
core   0: 0xffffffff80000090 (0xfe0700e3) beqz    a4, pc - 32
3 0x80000090 (0xfe0700e3)
core   0: 0xffffffff80000094 (0xfbdff06f) j       pc - 0x44
3 0x80000094 (0xfbdff06f)
core   0: 0xffffffff80000050 (0x00b677b3) and     a5, a2, a1
3 0x80000050 (0x00b677b3) x15 0x00000200
core   0: 0xffffffff80000054 (0x02078863) beqz    a5, pc + 48
3 0x80000054 (0x02078863)
core   0: 0xffffffff80000058 (0x00d51833) sll     a6, a0, a3
3 0x80000058 (0x00d51833) x16 0x02460600
core   0: 0xffffffff8000005c (0x00e558b3) srl     a7, a0, a4
3 0x8000005c (0x00e558b3) x17 0x000001fe
core   0: 0xffffffff80000060 (0x01090933) add     s2, s2, a6
3 0x80000060 (0x01090933) x18 0x03690900
core   0: 0xffffffff80000064 (0x011989b3) add     s3, s3, a7
3 0x80000064 (0x011989b3) x19 0x000002fd
core   0: 0xffffffff80000068 (0x03096863) bltu    s2, a6, pc + 48
3 0x80000068 (0x03096863)
core   0: 0xffffffff8000006c (0x0180006f) j       pc + 0x18
3 0x8000006c (0x0180006f)
core   0: 0xffffffff80000084 (0x00168693) addi    a3, a3, 1
3 0x80000084 (0x00168693) x13 0x0000000a
core   0: 0xffffffff80000088 (0xfff70713) addi    a4, a4, -1
3 0x80000088 (0xfff70713) x14 0x00000016
core   0: 0xffffffff8000008c (0x00c60633) add     a2, a2, a2
3 0x8000008c (0x00c60633) x12 0x00000400
core   0: 0xffffffff80000090 (0xfe0700e3) beqz    a4, pc - 32
3 0x80000090 (0xfe0700e3)
core   0: 0xffffffff80000094 (0xfbdff06f) j       pc - 0x44
3 0x80000094 (0xfbdff06f)
core   0: 0xffffffff80000050 (0x00b677b3) and     a5, a2, a1
3 0x80000050 (0x00b677b3) x15 0x00000000
core   0: 0xffffffff80000054 (0x02078863) beqz    a5, pc + 48
3 0x80000054 (0x02078863)
core   0: 0xffffffff80000084 (0x00168693) addi    a3, a3, 1
3 0x80000084 (0x00168693) x13 0x0000000b
core   0: 0xffffffff80000088 (0xfff70713) addi    a4, a4, -1
3 0x80000088 (0xfff70713) x14 0x00000015
core   0: 0xffffffff8000008c (0x00c60633) add     a2, a2, a2
3 0x8000008c (0x00c60633) x12 0x00000800
core   0: 0xffffffff80000090 (0xfe0700e3) beqz    a4, pc - 32
3 0x80000090 (0xfe0700e3)
core   0: 0xffffffff80000094 (0xfbdff06f) j       pc - 0x44
3 0x80000094 (0xfbdff06f)
core   0: 0xffffffff80000050 (0x00b677b3) and     a5, a2, a1
3 0x80000050 (0x00b677b3) x15 0x00000000
core   0: 0xffffffff80000054 (0x02078863) beqz    a5, pc + 48
3 0x80000054 (0x02078863)
core   0: 0xffffffff80000084 (0x00168693) addi    a3, a3, 1
3 0x80000084 (0x00168693) x13 0x0000000c
core   0: 0xffffffff80000088 (0xfff70713) addi    a4, a4, -1
3 0x80000088 (0xfff70713) x14 0x00000014
core   0: 0xffffffff8000008c (0x00c60633) add     a2, a2, a2
3 0x8000008c (0x00c60633) x12 0x00001000
core   0: 0xffffffff80000090 (0xfe0700e3) beqz    a4, pc - 32
3 0x80000090 (0xfe0700e3)
core   0: 0xffffffff80000094 (0xfbdff06f) j       pc - 0x44
3 0x80000094 (0xfbdff06f)
core   0: 0xffffffff80000050 (0x00b677b3) and     a5, a2, a1
3 0x80000050 (0x00b677b3) x15 0x00000000
core   0: 0xffffffff80000054 (0x02078863) beqz    a5, pc + 48
3 0x80000054 (0x02078863)
core   0: 0xffffffff80000084 (0x00168693) addi    a3, a3, 1
3 0x80000084 (0x00168693) x13 0x0000000d
core   0: 0xffffffff80000088 (0xfff70713) addi    a4, a4, -1
3 0x80000088 (0xfff70713) x14 0x00000013
core   0: 0xffffffff8000008c (0x00c60633) add     a2, a2, a2
3 0x8000008c (0x00c60633) x12 0x00002000
core   0: 0xffffffff80000090 (0xfe0700e3) beqz    a4, pc - 32
3 0x80000090 (0xfe0700e3)
core   0: 0xffffffff80000094 (0xfbdff06f) j       pc - 0x44
3 0x80000094 (0xfbdff06f)
core   0: 0xffffffff80000050 (0x00b677b3) and     a5, a2, a1
3 0x80000050 (0x00b677b3) x15 0x00002000
core   0: 0xffffffff80000054 (0x02078863) beqz    a5, pc + 48
3 0x80000054 (0x02078863)
core   0: 0xffffffff80000058 (0x00d51833) sll     a6, a0, a3
3 0x80000058 (0x00d51833) x16 0x24606000
core   0: 0xffffffff8000005c (0x00e558b3) srl     a7, a0, a4
3 0x8000005c (0x00e558b3) x17 0x00001fe0
core   0: 0xffffffff80000060 (0x01090933) add     s2, s2, a6
3 0x80000060 (0x01090933) x18 0x27c96900
core   0: 0xffffffff80000064 (0x011989b3) add     s3, s3, a7
3 0x80000064 (0x011989b3) x19 0x000022dd
core   0: 0xffffffff80000068 (0x03096863) bltu    s2, a6, pc + 48
3 0x80000068 (0x03096863)
core   0: 0xffffffff8000006c (0x0180006f) j       pc + 0x18
3 0x8000006c (0x0180006f)
core   0: 0xffffffff80000084 (0x00168693) addi    a3, a3, 1
3 0x80000084 (0x00168693) x13 0x0000000e
core   0: 0xffffffff80000088 (0xfff70713) addi    a4, a4, -1
3 0x80000088 (0xfff70713) x14 0x00000012
core   0: 0xffffffff8000008c (0x00c60633) add     a2, a2, a2
3 0x8000008c (0x00c60633) x12 0x00004000
core   0: 0xffffffff80000090 (0xfe0700e3) beqz    a4, pc - 32
3 0x80000090 (0xfe0700e3)
core   0: 0xffffffff80000094 (0xfbdff06f) j       pc - 0x44
3 0x80000094 (0xfbdff06f)
core   0: 0xffffffff80000050 (0x00b677b3) and     a5, a2, a1
3 0x80000050 (0x00b677b3) x15 0x00000000
core   0: 0xffffffff80000054 (0x02078863) beqz    a5, pc + 48
3 0x80000054 (0x02078863)
core   0: 0xffffffff80000084 (0x00168693) addi    a3, a3, 1
3 0x80000084 (0x00168693) x13 0x0000000f
core   0: 0xffffffff80000088 (0xfff70713) addi    a4, a4, -1
3 0x80000088 (0xfff70713) x14 0x00000011
core   0: 0xffffffff8000008c (0x00c60633) add     a2, a2, a2
3 0x8000008c (0x00c60633) x12 0x00008000
core   0: 0xffffffff80000090 (0xfe0700e3) beqz    a4, pc - 32
3 0x80000090 (0xfe0700e3)
core   0: 0xffffffff80000094 (0xfbdff06f) j       pc - 0x44
3 0x80000094 (0xfbdff06f)
core   0: 0xffffffff80000050 (0x00b677b3) and     a5, a2, a1
3 0x80000050 (0x00b677b3) x15 0x00000000
core   0: 0xffffffff80000054 (0x02078863) beqz    a5, pc + 48
3 0x80000054 (0x02078863)
core   0: 0xffffffff80000084 (0x00168693) addi    a3, a3, 1
3 0x80000084 (0x00168693) x13 0x00000010
core   0: 0xffffffff80000088 (0xfff70713) addi    a4, a4, -1
3 0x80000088 (0xfff70713) x14 0x00000010
core   0: 0xffffffff8000008c (0x00c60633) add     a2, a2, a2
3 0x8000008c (0x00c60633) x12 0x00010000
core   0: 0xffffffff80000090 (0xfe0700e3) beqz    a4, pc - 32
3 0x80000090 (0xfe0700e3)
core   0: 0xffffffff80000094 (0xfbdff06f) j       pc - 0x44
3 0x80000094 (0xfbdff06f)
core   0: 0xffffffff80000050 (0x00b677b3) and     a5, a2, a1
3 0x80000050 (0x00b677b3) x15 0x00010000
core   0: 0xffffffff80000054 (0x02078863) beqz    a5, pc + 48
3 0x80000054 (0x02078863)
core   0: 0xffffffff80000058 (0x00d51833) sll     a6, a0, a3
3 0x80000058 (0x00d51833) x16 0x23030000
core   0: 0xffffffff8000005c (0x00e558b3) srl     a7, a0, a4
3 0x8000005c (0x00e558b3) x17 0x0000ff01
core   0: 0xffffffff80000060 (0x01090933) add     s2, s2, a6
3 0x80000060 (0x01090933) x18 0x4acc6900
core   0: 0xffffffff80000064 (0x011989b3) add     s3, s3, a7
3 0x80000064 (0x011989b3) x19 0x000121de
core   0: 0xffffffff80000068 (0x03096863) bltu    s2, a6, pc + 48
3 0x80000068 (0x03096863)
core   0: 0xffffffff8000006c (0x0180006f) j       pc + 0x18
3 0x8000006c (0x0180006f)
core   0: 0xffffffff80000084 (0x00168693) addi    a3, a3, 1
3 0x80000084 (0x00168693) x13 0x00000011
core   0: 0xffffffff80000088 (0xfff70713) addi    a4, a4, -1
3 0x80000088 (0xfff70713) x14 0x0000000f
core   0: 0xffffffff8000008c (0x00c60633) add     a2, a2, a2
3 0x8000008c (0x00c60633) x12 0x00020000
core   0: 0xffffffff80000090 (0xfe0700e3) beqz    a4, pc - 32
3 0x80000090 (0xfe0700e3)
core   0: 0xffffffff80000094 (0xfbdff06f) j       pc - 0x44
3 0x80000094 (0xfbdff06f)
core   0: 0xffffffff80000050 (0x00b677b3) and     a5, a2, a1
3 0x80000050 (0x00b677b3) x15 0x00000000
core   0: 0xffffffff80000054 (0x02078863) beqz    a5, pc + 48
3 0x80000054 (0x02078863)
core   0: 0xffffffff80000084 (0x00168693) addi    a3, a3, 1
3 0x80000084 (0x00168693) x13 0x00000012
core   0: 0xffffffff80000088 (0xfff70713) addi    a4, a4, -1
3 0x80000088 (0xfff70713) x14 0x0000000e
core   0: 0xffffffff8000008c (0x00c60633) add     a2, a2, a2
3 0x8000008c (0x00c60633) x12 0x00040000
core   0: 0xffffffff80000090 (0xfe0700e3) beqz    a4, pc - 32
3 0x80000090 (0xfe0700e3)
core   0: 0xffffffff80000094 (0xfbdff06f) j       pc - 0x44
3 0x80000094 (0xfbdff06f)
core   0: 0xffffffff80000050 (0x00b677b3) and     a5, a2, a1
3 0x80000050 (0x00b677b3) x15 0x00000000
core   0: 0xffffffff80000054 (0x02078863) beqz    a5, pc + 48
3 0x80000054 (0x02078863)
core   0: 0xffffffff80000084 (0x00168693) addi    a3, a3, 1
3 0x80000084 (0x00168693) x13 0x00000013
core   0: 0xffffffff80000088 (0xfff70713) addi    a4, a4, -1
3 0x80000088 (0xfff70713) x14 0x0000000d
core   0: 0xffffffff8000008c (0x00c60633) add     a2, a2, a2
3 0x8000008c (0x00c60633) x12 0x00080000
core   0: 0xffffffff80000090 (0xfe0700e3) beqz    a4, pc - 32
3 0x80000090 (0xfe0700e3)
core   0: 0xffffffff80000094 (0xfbdff06f) j       pc - 0x44
3 0x80000094 (0xfbdff06f)
core   0: 0xffffffff80000050 (0x00b677b3) and     a5, a2, a1
3 0x80000050 (0x00b677b3) x15 0x00000000
core   0: 0xffffffff80000054 (0x02078863) beqz    a5, pc + 48
3 0x80000054 (0x02078863)
core   0: 0xffffffff80000084 (0x00168693) addi    a3, a3, 1
3 0x80000084 (0x00168693) x13 0x00000014
core   0: 0xffffffff80000088 (0xfff70713) addi    a4, a4, -1
3 0x80000088 (0xfff70713) x14 0x0000000c
core   0: 0xffffffff8000008c (0x00c60633) add     a2, a2, a2
3 0x8000008c (0x00c60633) x12 0x00100000
core   0: 0xffffffff80000090 (0xfe0700e3) beqz    a4, pc - 32
3 0x80000090 (0xfe0700e3)
core   0: 0xffffffff80000094 (0xfbdff06f) j       pc - 0x44
3 0x80000094 (0xfbdff06f)
core   0: 0xffffffff80000050 (0x00b677b3) and     a5, a2, a1
3 0x80000050 (0x00b677b3) x15 0x00000000
core   0: 0xffffffff80000054 (0x02078863) beqz    a5, pc + 48
3 0x80000054 (0x02078863)
core   0: 0xffffffff80000084 (0x00168693) addi    a3, a3, 1
3 0x80000084 (0x00168693) x13 0x00000015
core   0: 0xffffffff80000088 (0xfff70713) addi    a4, a4, -1
3 0x80000088 (0xfff70713) x14 0x0000000b
core   0: 0xffffffff8000008c (0x00c60633) add     a2, a2, a2
3 0x8000008c (0x00c60633) x12 0x00200000
core   0: 0xffffffff80000090 (0xfe0700e3) beqz    a4, pc - 32
3 0x80000090 (0xfe0700e3)
core   0: 0xffffffff80000094 (0xfbdff06f) j       pc - 0x44
3 0x80000094 (0xfbdff06f)
core   0: 0xffffffff80000050 (0x00b677b3) and     a5, a2, a1
3 0x80000050 (0x00b677b3) x15 0x00000000
core   0: 0xffffffff80000054 (0x02078863) beqz    a5, pc + 48
3 0x80000054 (0x02078863)
core   0: 0xffffffff80000084 (0x00168693) addi    a3, a3, 1
3 0x80000084 (0x00168693) x13 0x00000016
core   0: 0xffffffff80000088 (0xfff70713) addi    a4, a4, -1
3 0x80000088 (0xfff70713) x14 0x0000000a
core   0: 0xffffffff8000008c (0x00c60633) add     a2, a2, a2
3 0x8000008c (0x00c60633) x12 0x00400000
core   0: 0xffffffff80000090 (0xfe0700e3) beqz    a4, pc - 32
3 0x80000090 (0xfe0700e3)
core   0: 0xffffffff80000094 (0xfbdff06f) j       pc - 0x44
3 0x80000094 (0xfbdff06f)
core   0: 0xffffffff80000050 (0x00b677b3) and     a5, a2, a1
3 0x80000050 (0x00b677b3) x15 0x00000000
core   0: 0xffffffff80000054 (0x02078863) beqz    a5, pc + 48
3 0x80000054 (0x02078863)
core   0: 0xffffffff80000084 (0x00168693) addi    a3, a3, 1
3 0x80000084 (0x00168693) x13 0x00000017
core   0: 0xffffffff80000088 (0xfff70713) addi    a4, a4, -1
3 0x80000088 (0xfff70713) x14 0x00000009
core   0: 0xffffffff8000008c (0x00c60633) add     a2, a2, a2
3 0x8000008c (0x00c60633) x12 0x00800000
core   0: 0xffffffff80000090 (0xfe0700e3) beqz    a4, pc - 32
3 0x80000090 (0xfe0700e3)
core   0: 0xffffffff80000094 (0xfbdff06f) j       pc - 0x44
3 0x80000094 (0xfbdff06f)
core   0: 0xffffffff80000050 (0x00b677b3) and     a5, a2, a1
3 0x80000050 (0x00b677b3) x15 0x00000000
core   0: 0xffffffff80000054 (0x02078863) beqz    a5, pc + 48
3 0x80000054 (0x02078863)
core   0: 0xffffffff80000084 (0x00168693) addi    a3, a3, 1
3 0x80000084 (0x00168693) x13 0x00000018
core   0: 0xffffffff80000088 (0xfff70713) addi    a4, a4, -1
3 0x80000088 (0xfff70713) x14 0x00000008
core   0: 0xffffffff8000008c (0x00c60633) add     a2, a2, a2
3 0x8000008c (0x00c60633) x12 0x01000000
core   0: 0xffffffff80000090 (0xfe0700e3) beqz    a4, pc - 32
3 0x80000090 (0xfe0700e3)
core   0: 0xffffffff80000094 (0xfbdff06f) j       pc - 0x44
3 0x80000094 (0xfbdff06f)
core   0: 0xffffffff80000050 (0x00b677b3) and     a5, a2, a1
3 0x80000050 (0x00b677b3) x15 0x01000000
core   0: 0xffffffff80000054 (0x02078863) beqz    a5, pc + 48
3 0x80000054 (0x02078863)
core   0: 0xffffffff80000058 (0x00d51833) sll     a6, a0, a3
3 0x80000058 (0x00d51833) x16 0x03000000
core   0: 0xffffffff8000005c (0x00e558b3) srl     a7, a0, a4
3 0x8000005c (0x00e558b3) x17 0x00ff0123
core   0: 0xffffffff80000060 (0x01090933) add     s2, s2, a6
3 0x80000060 (0x01090933) x18 0x4dcc6900
core   0: 0xffffffff80000064 (0x011989b3) add     s3, s3, a7
3 0x80000064 (0x011989b3) x19 0x01002301
core   0: 0xffffffff80000068 (0x03096863) bltu    s2, a6, pc + 48
3 0x80000068 (0x03096863)
core   0: 0xffffffff8000006c (0x0180006f) j       pc + 0x18
3 0x8000006c (0x0180006f)
core   0: 0xffffffff80000084 (0x00168693) addi    a3, a3, 1
3 0x80000084 (0x00168693) x13 0x00000019
core   0: 0xffffffff80000088 (0xfff70713) addi    a4, a4, -1
3 0x80000088 (0xfff70713) x14 0x00000007
core   0: 0xffffffff8000008c (0x00c60633) add     a2, a2, a2
3 0x8000008c (0x00c60633) x12 0x02000000
core   0: 0xffffffff80000090 (0xfe0700e3) beqz    a4, pc - 32
3 0x80000090 (0xfe0700e3)
core   0: 0xffffffff80000094 (0xfbdff06f) j       pc - 0x44
3 0x80000094 (0xfbdff06f)
core   0: 0xffffffff80000050 (0x00b677b3) and     a5, a2, a1
3 0x80000050 (0x00b677b3) x15 0x02000000
core   0: 0xffffffff80000054 (0x02078863) beqz    a5, pc + 48
3 0x80000054 (0x02078863)
core   0: 0xffffffff80000058 (0x00d51833) sll     a6, a0, a3
3 0x80000058 (0x00d51833) x16 0x06000000
core   0: 0xffffffff8000005c (0x00e558b3) srl     a7, a0, a4
3 0x8000005c (0x00e558b3) x17 0x01fe0246
core   0: 0xffffffff80000060 (0x01090933) add     s2, s2, a6
3 0x80000060 (0x01090933) x18 0x53cc6900
core   0: 0xffffffff80000064 (0x011989b3) add     s3, s3, a7
3 0x80000064 (0x011989b3) x19 0x02fe2547
core   0: 0xffffffff80000068 (0x03096863) bltu    s2, a6, pc + 48
3 0x80000068 (0x03096863)
core   0: 0xffffffff8000006c (0x0180006f) j       pc + 0x18
3 0x8000006c (0x0180006f)
core   0: 0xffffffff80000084 (0x00168693) addi    a3, a3, 1
3 0x80000084 (0x00168693) x13 0x0000001a
core   0: 0xffffffff80000088 (0xfff70713) addi    a4, a4, -1
3 0x80000088 (0xfff70713) x14 0x00000006
core   0: 0xffffffff8000008c (0x00c60633) add     a2, a2, a2
3 0x8000008c (0x00c60633) x12 0x04000000
core   0: 0xffffffff80000090 (0xfe0700e3) beqz    a4, pc - 32
3 0x80000090 (0xfe0700e3)
core   0: 0xffffffff80000094 (0xfbdff06f) j       pc - 0x44
3 0x80000094 (0xfbdff06f)
core   0: 0xffffffff80000050 (0x00b677b3) and     a5, a2, a1
3 0x80000050 (0x00b677b3) x15 0x04000000
core   0: 0xffffffff80000054 (0x02078863) beqz    a5, pc + 48
3 0x80000054 (0x02078863)
core   0: 0xffffffff80000058 (0x00d51833) sll     a6, a0, a3
3 0x80000058 (0x00d51833) x16 0x0c000000
core   0: 0xffffffff8000005c (0x00e558b3) srl     a7, a0, a4
3 0x8000005c (0x00e558b3) x17 0x03fc048c
core   0: 0xffffffff80000060 (0x01090933) add     s2, s2, a6
3 0x80000060 (0x01090933) x18 0x5fcc6900
core   0: 0xffffffff80000064 (0x011989b3) add     s3, s3, a7
3 0x80000064 (0x011989b3) x19 0x06fa29d3
core   0: 0xffffffff80000068 (0x03096863) bltu    s2, a6, pc + 48
3 0x80000068 (0x03096863)
core   0: 0xffffffff8000006c (0x0180006f) j       pc + 0x18
3 0x8000006c (0x0180006f)
core   0: 0xffffffff80000084 (0x00168693) addi    a3, a3, 1
3 0x80000084 (0x00168693) x13 0x0000001b
core   0: 0xffffffff80000088 (0xfff70713) addi    a4, a4, -1
3 0x80000088 (0xfff70713) x14 0x00000005
core   0: 0xffffffff8000008c (0x00c60633) add     a2, a2, a2
3 0x8000008c (0x00c60633) x12 0x08000000
core   0: 0xffffffff80000090 (0xfe0700e3) beqz    a4, pc - 32
3 0x80000090 (0xfe0700e3)
core   0: 0xffffffff80000094 (0xfbdff06f) j       pc - 0x44
3 0x80000094 (0xfbdff06f)
core   0: 0xffffffff80000050 (0x00b677b3) and     a5, a2, a1
3 0x80000050 (0x00b677b3) x15 0x08000000
core   0: 0xffffffff80000054 (0x02078863) beqz    a5, pc + 48
3 0x80000054 (0x02078863)
core   0: 0xffffffff80000058 (0x00d51833) sll     a6, a0, a3
3 0x80000058 (0x00d51833) x16 0x18000000
core   0: 0xffffffff8000005c (0x00e558b3) srl     a7, a0, a4
3 0x8000005c (0x00e558b3) x17 0x07f80918
core   0: 0xffffffff80000060 (0x01090933) add     s2, s2, a6
3 0x80000060 (0x01090933) x18 0x77cc6900
core   0: 0xffffffff80000064 (0x011989b3) add     s3, s3, a7
3 0x80000064 (0x011989b3) x19 0x0ef232eb
core   0: 0xffffffff80000068 (0x03096863) bltu    s2, a6, pc + 48
3 0x80000068 (0x03096863)
core   0: 0xffffffff8000006c (0x0180006f) j       pc + 0x18
3 0x8000006c (0x0180006f)
core   0: 0xffffffff80000084 (0x00168693) addi    a3, a3, 1
3 0x80000084 (0x00168693) x13 0x0000001c
core   0: 0xffffffff80000088 (0xfff70713) addi    a4, a4, -1
3 0x80000088 (0xfff70713) x14 0x00000004
core   0: 0xffffffff8000008c (0x00c60633) add     a2, a2, a2
3 0x8000008c (0x00c60633) x12 0x10000000
core   0: 0xffffffff80000090 (0xfe0700e3) beqz    a4, pc - 32
3 0x80000090 (0xfe0700e3)
core   0: 0xffffffff80000094 (0xfbdff06f) j       pc - 0x44
3 0x80000094 (0xfbdff06f)
core   0: 0xffffffff80000050 (0x00b677b3) and     a5, a2, a1
3 0x80000050 (0x00b677b3) x15 0x10000000
core   0: 0xffffffff80000054 (0x02078863) beqz    a5, pc + 48
3 0x80000054 (0x02078863)
core   0: 0xffffffff80000058 (0x00d51833) sll     a6, a0, a3
3 0x80000058 (0x00d51833) x16 0x30000000
core   0: 0xffffffff8000005c (0x00e558b3) srl     a7, a0, a4
3 0x8000005c (0x00e558b3) x17 0x0ff01230
core   0: 0xffffffff80000060 (0x01090933) add     s2, s2, a6
3 0x80000060 (0x01090933) x18 0xa7cc6900
core   0: 0xffffffff80000064 (0x011989b3) add     s3, s3, a7
3 0x80000064 (0x011989b3) x19 0x1ee2451b
core   0: 0xffffffff80000068 (0x03096863) bltu    s2, a6, pc + 48
3 0x80000068 (0x03096863)
core   0: 0xffffffff8000006c (0x0180006f) j       pc + 0x18
3 0x8000006c (0x0180006f)
core   0: 0xffffffff80000084 (0x00168693) addi    a3, a3, 1
3 0x80000084 (0x00168693) x13 0x0000001d
core   0: 0xffffffff80000088 (0xfff70713) addi    a4, a4, -1
3 0x80000088 (0xfff70713) x14 0x00000003
core   0: 0xffffffff8000008c (0x00c60633) add     a2, a2, a2
3 0x8000008c (0x00c60633) x12 0x20000000
core   0: 0xffffffff80000090 (0xfe0700e3) beqz    a4, pc - 32
3 0x80000090 (0xfe0700e3)
core   0: 0xffffffff80000094 (0xfbdff06f) j       pc - 0x44
3 0x80000094 (0xfbdff06f)
core   0: 0xffffffff80000050 (0x00b677b3) and     a5, a2, a1
3 0x80000050 (0x00b677b3) x15 0x20000000
core   0: 0xffffffff80000054 (0x02078863) beqz    a5, pc + 48
3 0x80000054 (0x02078863)
core   0: 0xffffffff80000058 (0x00d51833) sll     a6, a0, a3
3 0x80000058 (0x00d51833) x16 0x60000000
core   0: 0xffffffff8000005c (0x00e558b3) srl     a7, a0, a4
3 0x8000005c (0x00e558b3) x17 0x1fe02460
core   0: 0xffffffff80000060 (0x01090933) add     s2, s2, a6
3 0x80000060 (0x01090933) x18 0x07cc6900
core   0: 0xffffffff80000064 (0x011989b3) add     s3, s3, a7
3 0x80000064 (0x011989b3) x19 0x3ec2697b
core   0: 0xffffffff80000068 (0x03096863) bltu    s2, a6, pc + 48
3 0x80000068 (0x03096863)
core   0: 0xffffffff80000098 (0x00198993) addi    s3, s3, 1
3 0x80000098 (0x00198993) x19 0x3ec2697c
core   0: 0xffffffff8000009c (0xfe9ff06f) j       pc - 0x18
3 0x8000009c (0xfe9ff06f)
core   0: 0xffffffff80000084 (0x00168693) addi    a3, a3, 1
3 0x80000084 (0x00168693) x13 0x0000001e
core   0: 0xffffffff80000088 (0xfff70713) addi    a4, a4, -1
3 0x80000088 (0xfff70713) x14 0x00000002
core   0: 0xffffffff8000008c (0x00c60633) add     a2, a2, a2
3 0x8000008c (0x00c60633) x12 0x40000000
core   0: 0xffffffff80000090 (0xfe0700e3) beqz    a4, pc - 32
3 0x80000090 (0xfe0700e3)
core   0: 0xffffffff80000094 (0xfbdff06f) j       pc - 0x44
3 0x80000094 (0xfbdff06f)
core   0: 0xffffffff80000050 (0x00b677b3) and     a5, a2, a1
3 0x80000050 (0x00b677b3) x15 0x40000000
core   0: 0xffffffff80000054 (0x02078863) beqz    a5, pc + 48
3 0x80000054 (0x02078863)
core   0: 0xffffffff80000058 (0x00d51833) sll     a6, a0, a3
3 0x80000058 (0x00d51833) x16 0xc0000000
core   0: 0xffffffff8000005c (0x00e558b3) srl     a7, a0, a4
3 0x8000005c (0x00e558b3) x17 0x3fc048c0
core   0: 0xffffffff80000060 (0x01090933) add     s2, s2, a6
3 0x80000060 (0x01090933) x18 0xc7cc6900
core   0: 0xffffffff80000064 (0x011989b3) add     s3, s3, a7
3 0x80000064 (0x011989b3) x19 0x7e82b23c
core   0: 0xffffffff80000068 (0x03096863) bltu    s2, a6, pc + 48
3 0x80000068 (0x03096863)
core   0: 0xffffffff8000006c (0x0180006f) j       pc + 0x18
3 0x8000006c (0x0180006f)
core   0: 0xffffffff80000084 (0x00168693) addi    a3, a3, 1
3 0x80000084 (0x00168693) x13 0x0000001f
core   0: 0xffffffff80000088 (0xfff70713) addi    a4, a4, -1
3 0x80000088 (0xfff70713) x14 0x00000001
core   0: 0xffffffff8000008c (0x00c60633) add     a2, a2, a2
3 0x8000008c (0x00c60633) x12 0x80000000
core   0: 0xffffffff80000090 (0xfe0700e3) beqz    a4, pc - 32
3 0x80000090 (0xfe0700e3)
core   0: 0xffffffff80000094 (0xfbdff06f) j       pc - 0x44
3 0x80000094 (0xfbdff06f)
core   0: 0xffffffff80000050 (0x00b677b3) and     a5, a2, a1
3 0x80000050 (0x00b677b3) x15 0x80000000
core   0: 0xffffffff80000054 (0x02078863) beqz    a5, pc + 48
3 0x80000054 (0x02078863)
core   0: 0xffffffff80000058 (0x00d51833) sll     a6, a0, a3
3 0x80000058 (0x00d51833) x16 0x80000000
core   0: 0xffffffff8000005c (0x00e558b3) srl     a7, a0, a4
3 0x8000005c (0x00e558b3) x17 0x7f809181
core   0: 0xffffffff80000060 (0x01090933) add     s2, s2, a6
3 0x80000060 (0x01090933) x18 0x47cc6900
core   0: 0xffffffff80000064 (0x011989b3) add     s3, s3, a7
3 0x80000064 (0x011989b3) x19 0xfe0343bd
core   0: 0xffffffff80000068 (0x03096863) bltu    s2, a6, pc + 48
3 0x80000068 (0x03096863)
core   0: 0xffffffff80000098 (0x00198993) addi    s3, s3, 1
3 0x80000098 (0x00198993) x19 0xfe0343be
core   0: 0xffffffff8000009c (0xfe9ff06f) j       pc - 0x18
3 0x8000009c (0xfe9ff06f)
core   0: 0xffffffff80000084 (0x00168693) addi    a3, a3, 1
3 0x80000084 (0x00168693) x13 0x00000020
core   0: 0xffffffff80000088 (0xfff70713) addi    a4, a4, -1
3 0x80000088 (0xfff70713) x14 0x00000000
core   0: 0xffffffff8000008c (0x00c60633) add     a2, a2, a2
3 0x8000008c (0x00c60633) x12 0x00000000
core   0: 0xffffffff80000090 (0xfe0700e3) beqz    a4, pc - 32
3 0x80000090 (0xfe0700e3)
core   0: 0xffffffff80000070 (0x00800c6f) jal     s8, pc + 0x8
3 0x80000070 (0x00800c6f) x24 0x80000074
core   0: 0xffffffff80000078 (0x05491663) bne     s2, s4, pc + 76
3 0x80000078 (0x05491663)
core   0: 0xffffffff8000007c (0x03598263) beq     s3, s5, pc + 36
3 0x8000007c (0x03598263)
core   0: 0xffffffff800000a0 (0x00010283) lb      t0, 0(sp)
3 0x800000a0 (0x00010283) x 5 0x0000002d mem 0x80000104
core   0: 0xffffffff800000a4 (0x00518023) sb      t0, 0(gp)
3 0x800000a4 (0x00518023) mem 0x13000000 0x2d
core   0: 0xffffffff800000a8 (0x00110113) addi    sp, sp, 1
3 0x800000a8 (0x00110113) x 2 0x80000105
core   0: 0xffffffff800000ac (0xfe029ae3) bnez    t0, pc - 12
3 0x800000ac (0xfe029ae3)
core   0: 0xffffffff800000a0 (0x00010283) lb      t0, 0(sp)
3 0x800000a0 (0x00010283) x 5 0x0000002d mem 0x80000105
core   0: 0xffffffff800000a4 (0x00518023) sb      t0, 0(gp)
3 0x800000a4 (0x00518023) mem 0x13000000 0x2d
core   0: 0xffffffff800000a8 (0x00110113) addi    sp, sp, 1
3 0x800000a8 (0x00110113) x 2 0x80000106
core   0: 0xffffffff800000ac (0xfe029ae3) bnez    t0, pc - 12
3 0x800000ac (0xfe029ae3)
core   0: 0xffffffff800000a0 (0x00010283) lb      t0, 0(sp)
3 0x800000a0 (0x00010283) x 5 0x0000002d mem 0x80000106
core   0: 0xffffffff800000a4 (0x00518023) sb      t0, 0(gp)
3 0x800000a4 (0x00518023) mem 0x13000000 0x2d
core   0: 0xffffffff800000a8 (0x00110113) addi    sp, sp, 1
3 0x800000a8 (0x00110113) x 2 0x80000107
core   0: 0xffffffff800000ac (0xfe029ae3) bnez    t0, pc - 12
3 0x800000ac (0xfe029ae3)
core   0: 0xffffffff800000a0 (0x00010283) lb      t0, 0(sp)
3 0x800000a0 (0x00010283) x 5 0x0000002d mem 0x80000107
core   0: 0xffffffff800000a4 (0x00518023) sb      t0, 0(gp)
3 0x800000a4 (0x00518023) mem 0x13000000 0x2d
core   0: 0xffffffff800000a8 (0x00110113) addi    sp, sp, 1
3 0x800000a8 (0x00110113) x 2 0x80000108
core   0: 0xffffffff800000ac (0xfe029ae3) bnez    t0, pc - 12
3 0x800000ac (0xfe029ae3)
core   0: 0xffffffff800000a0 (0x00010283) lb      t0, 0(sp)
3 0x800000a0 (0x00010283) x 5 0x0000002d mem 0x80000108
core   0: 0xffffffff800000a4 (0x00518023) sb      t0, 0(gp)
3 0x800000a4 (0x00518023) mem 0x13000000 0x2d
core   0: 0xffffffff800000a8 (0x00110113) addi    sp, sp, 1
3 0x800000a8 (0x00110113) x 2 0x80000109
core   0: 0xffffffff800000ac (0xfe029ae3) bnez    t0, pc - 12
3 0x800000ac (0xfe029ae3)
core   0: 0xffffffff800000a0 (0x00010283) lb      t0, 0(sp)
3 0x800000a0 (0x00010283) x 5 0x0000002d mem 0x80000109
core   0: 0xffffffff800000a4 (0x00518023) sb      t0, 0(gp)
3 0x800000a4 (0x00518023) mem 0x13000000 0x2d
core   0: 0xffffffff800000a8 (0x00110113) addi    sp, sp, 1
3 0x800000a8 (0x00110113) x 2 0x8000010a
core   0: 0xffffffff800000ac (0xfe029ae3) bnez    t0, pc - 12
3 0x800000ac (0xfe029ae3)
core   0: 0xffffffff800000a0 (0x00010283) lb      t0, 0(sp)
3 0x800000a0 (0x00010283) x 5 0x00000050 mem 0x8000010a
core   0: 0xffffffff800000a4 (0x00518023) sb      t0, 0(gp)
3 0x800000a4 (0x00518023) mem 0x13000000 0x50
core   0: 0xffffffff800000a8 (0x00110113) addi    sp, sp, 1
3 0x800000a8 (0x00110113) x 2 0x8000010b
core   0: 0xffffffff800000ac (0xfe029ae3) bnez    t0, pc - 12
3 0x800000ac (0xfe029ae3)
core   0: 0xffffffff800000a0 (0x00010283) lb      t0, 0(sp)
3 0x800000a0 (0x00010283) x 5 0x00000041 mem 0x8000010b
core   0: 0xffffffff800000a4 (0x00518023) sb      t0, 0(gp)
3 0x800000a4 (0x00518023) mem 0x13000000 0x41
core   0: 0xffffffff800000a8 (0x00110113) addi    sp, sp, 1
3 0x800000a8 (0x00110113) x 2 0x8000010c
core   0: 0xffffffff800000ac (0xfe029ae3) bnez    t0, pc - 12
3 0x800000ac (0xfe029ae3)
core   0: 0xffffffff800000a0 (0x00010283) lb      t0, 0(sp)
3 0x800000a0 (0x00010283) x 5 0x00000053 mem 0x8000010c
core   0: 0xffffffff800000a4 (0x00518023) sb      t0, 0(gp)
3 0x800000a4 (0x00518023) mem 0x13000000 0x53
core   0: 0xffffffff800000a8 (0x00110113) addi    sp, sp, 1
3 0x800000a8 (0x00110113) x 2 0x8000010d
core   0: 0xffffffff800000ac (0xfe029ae3) bnez    t0, pc - 12
3 0x800000ac (0xfe029ae3)
core   0: 0xffffffff800000a0 (0x00010283) lb      t0, 0(sp)
3 0x800000a0 (0x00010283) x 5 0x00000053 mem 0x8000010d
core   0: 0xffffffff800000a4 (0x00518023) sb      t0, 0(gp)
3 0x800000a4 (0x00518023) mem 0x13000000 0x53
core   0: 0xffffffff800000a8 (0x00110113) addi    sp, sp, 1
3 0x800000a8 (0x00110113) x 2 0x8000010e
core   0: 0xffffffff800000ac (0xfe029ae3) bnez    t0, pc - 12
3 0x800000ac (0xfe029ae3)
core   0: 0xffffffff800000a0 (0x00010283) lb      t0, 0(sp)
3 0x800000a0 (0x00010283) x 5 0x0000002d mem 0x8000010e
core   0: 0xffffffff800000a4 (0x00518023) sb      t0, 0(gp)
3 0x800000a4 (0x00518023) mem 0x13000000 0x2d
core   0: 0xffffffff800000a8 (0x00110113) addi    sp, sp, 1
3 0x800000a8 (0x00110113) x 2 0x8000010f
core   0: 0xffffffff800000ac (0xfe029ae3) bnez    t0, pc - 12
3 0x800000ac (0xfe029ae3)
core   0: 0xffffffff800000a0 (0x00010283) lb      t0, 0(sp)
3 0x800000a0 (0x00010283) x 5 0x0000002d mem 0x8000010f
core   0: 0xffffffff800000a4 (0x00518023) sb      t0, 0(gp)
3 0x800000a4 (0x00518023) mem 0x13000000 0x2d
core   0: 0xffffffff800000a8 (0x00110113) addi    sp, sp, 1
3 0x800000a8 (0x00110113) x 2 0x80000110
core   0: 0xffffffff800000ac (0xfe029ae3) bnez    t0, pc - 12
3 0x800000ac (0xfe029ae3)
core   0: 0xffffffff800000a0 (0x00010283) lb      t0, 0(sp)
3 0x800000a0 (0x00010283) x 5 0x0000002d mem 0x80000110
core   0: 0xffffffff800000a4 (0x00518023) sb      t0, 0(gp)
3 0x800000a4 (0x00518023) mem 0x13000000 0x2d
core   0: 0xffffffff800000a8 (0x00110113) addi    sp, sp, 1
3 0x800000a8 (0x00110113) x 2 0x80000111
core   0: 0xffffffff800000ac (0xfe029ae3) bnez    t0, pc - 12
3 0x800000ac (0xfe029ae3)
core   0: 0xffffffff800000a0 (0x00010283) lb      t0, 0(sp)
3 0x800000a0 (0x00010283) x 5 0x0000002d mem 0x80000111
core   0: 0xffffffff800000a4 (0x00518023) sb      t0, 0(gp)
3 0x800000a4 (0x00518023) mem 0x13000000 0x2d
core   0: 0xffffffff800000a8 (0x00110113) addi    sp, sp, 1
3 0x800000a8 (0x00110113) x 2 0x80000112
core   0: 0xffffffff800000ac (0xfe029ae3) bnez    t0, pc - 12
3 0x800000ac (0xfe029ae3)
core   0: 0xffffffff800000a0 (0x00010283) lb      t0, 0(sp)
3 0x800000a0 (0x00010283) x 5 0x0000002d mem 0x80000112
core   0: 0xffffffff800000a4 (0x00518023) sb      t0, 0(gp)
3 0x800000a4 (0x00518023) mem 0x13000000 0x2d
core   0: 0xffffffff800000a8 (0x00110113) addi    sp, sp, 1
3 0x800000a8 (0x00110113) x 2 0x80000113
core   0: 0xffffffff800000ac (0xfe029ae3) bnez    t0, pc - 12
3 0x800000ac (0xfe029ae3)
core   0: 0xffffffff800000a0 (0x00010283) lb      t0, 0(sp)
3 0x800000a0 (0x00010283) x 5 0x0000002d mem 0x80000113
core   0: 0xffffffff800000a4 (0x00518023) sb      t0, 0(gp)
3 0x800000a4 (0x00518023) mem 0x13000000 0x2d
core   0: 0xffffffff800000a8 (0x00110113) addi    sp, sp, 1
3 0x800000a8 (0x00110113) x 2 0x80000114
core   0: 0xffffffff800000ac (0xfe029ae3) bnez    t0, pc - 12
3 0x800000ac (0xfe029ae3)
core   0: 0xffffffff800000a0 (0x00010283) lb      t0, 0(sp)
3 0x800000a0 (0x00010283) x 5 0x00000000 mem 0x80000114
core   0: 0xffffffff800000a4 (0x00518023) sb      t0, 0(gp)
3 0x800000a4 (0x00518023) mem 0x13000000 0x0
core   0: 0xffffffff800000a8 (0x00110113) addi    sp, sp, 1
3 0x800000a8 (0x00110113) x 2 0x80000115
core   0: 0xffffffff800000ac (0xfe029ae3) bnez    t0, pc - 12
3 0x800000ac (0xfe029ae3)
core   0: 0xffffffff800000b0 (0x000e8283) lb      t0, 0(t4)
3 0x800000b0 (0x000e8283) x 5 0x0000000a mem 0x80000138
core   0: 0xffffffff800000b4 (0x00518023) sb      t0, 0(gp)
3 0x800000b4 (0x00518023) mem 0x13000000 0xa
core   0: 0xffffffff800000b8 (0x00000117) auipc   sp, 0x0
3 0x800000b8 (0x00000117) x 2 0x800000b8
core   0: 0xffffffff800000bc (0x04c10113) addi    sp, sp, 76
3 0x800000bc (0x04c10113) x 2 0x80000104
core   0: 0xffffffff800000c0 (0x000c0067) jr      s8
3 0x800000c0 (0x000c0067)
core   0: 0xffffffff80000074 (0x07c0006f) j       pc + 0x7c
3 0x80000074 (0x07c0006f)
core   0: 0xffffffff800000f0 (0x130001b7) lui     gp, 0x13000
3 0x800000f0 (0x130001b7) x 3 0x13000000
core   0: 0xffffffff800000f4 (0x00400293) addi    t0, zero, 4
3 0x800000f4 (0x00400293) x 5 0x00000004
core   0: 0xffffffff800000f8 (0x00518023) sb      t0, 0(gp)
